<?xml version="1.0" encoding="UTF-8"?>
<testng-results skipped="0" failed="0" total="1" passed="1">
  <reporter-output>
  </reporter-output>
  <suite name="Default suite" duration-ms="30787" started-at="2017-11-18T06:32:26Z" finished-at="2017-11-18T06:32:56Z">
    <groups>
    </groups>
    <test name="Default test" duration-ms="30787" started-at="2017-11-18T06:32:26Z" finished-at="2017-11-18T06:32:56Z">
      <class name="PumaTest.Shoes.Test1">
        <test-method status="PASS" signature="setUp()[pri:0, instance:PumaTest.Shoes.Test1@5a39699c]" name="setUp" is-config="true" duration-ms="12643" started-at="2017-11-18T12:02:26Z" finished-at="2017-11-18T12:02:38Z">
          <reporter-output>
          </reporter-output>
        </test-method> <!-- setUp -->
        <test-method status="PASS" signature="runningShoes()[pri:0, instance:PumaTest.Shoes.Test1@5a39699c]" name="runningShoes" duration-ms="15655" started-at="2017-11-18T12:02:38Z" finished-at="2017-11-18T12:02:54Z">
          <reporter-output>
          </reporter-output>
        </test-method> <!-- runningShoes -->
        <test-method status="PASS" signature="closeBrowser()[pri:0, instance:PumaTest.Shoes.Test1@5a39699c]" name="closeBrowser" is-config="true" duration-ms="2459" started-at="2017-11-18T12:02:54Z" finished-at="2017-11-18T12:02:56Z">
          <reporter-output>
          </reporter-output>
        </test-method> <!-- closeBrowser -->
      </class> <!-- PumaTest.Shoes.Test1 -->
    </test> <!-- Default test -->
  </suite> <!-- Default suite -->
</testng-results>
